2025-02-07 22:49:19,024 - User Input: es
2025-02-07 22:49:19,024 - Generated Password: Xl:{|mV6xI1dK9V=AciMVh7Z98$=Il4q
2025-02-07 22:49:19,024 - Password Length: 32 characters
2025-02-07 22:49:19,024 - Password Entropy: 204.55 bits
2025-02-07 22:49:19,024 - Password Strength: Very Strong

2025-02-07 22:49:19,025 - User Input: key
2025-02-07 22:49:19,025 - Generated Password: CYN%RW!yC~Az7Q*kL2LyOrF$QU]MK1<]
2025-02-07 22:49:19,025 - Password Length: 32 characters
2025-02-07 22:49:19,025 - Password Entropy: 204.55 bits
2025-02-07 22:49:19,025 - Password Strength: Very Strong

2025-02-07 22:49:19,026 - User Input: brin
2025-02-07 22:49:19,026 - Generated Password: Wio=XQbg?:|<W->(c$]oC0S&-y#)&7%7
2025-02-07 22:49:19,026 - Password Length: 32 characters
2025-02-07 22:49:19,026 - Password Entropy: 204.55 bits
2025-02-07 22:49:19,026 - Password Strength: Very Strong

2025-02-07 22:49:19,027 - User Input: 1
2025-02-07 22:49:19,027 - Generated Password: Oqo5r&hCkQXhNNa169EETPL>L>yO,9=s
2025-02-07 22:49:19,027 - Password Length: 32 characters
2025-02-07 22:49:19,027 - Password Entropy: 204.55 bits
2025-02-07 22:49:19,028 - Password Strength: Very Strong

2025-02-07 22:49:19,029 - User Input: l
2025-02-07 22:49:19,029 - Generated Password: UNGBZ_D2:P8-16GiEKw4C)+tp4!59Re?
2025-02-07 22:49:19,029 - Password Length: 32 characters
2025-02-07 22:49:19,029 - Password Entropy: 204.55 bits
2025-02-07 22:49:19,029 - Password Strength: Very Strong

2025-02-07 22:49:19,030 - User Input: Secure123
2025-02-07 22:49:19,030 - Generated Password: Ipa@VFk5_3pka&,CK:wgC%cS[#;=m3(0
2025-02-07 22:49:19,030 - Password Length: 32 characters
2025-02-07 22:49:19,030 - Password Entropy: 204.55 bits
2025-02-07 22:49:19,030 - Password Strength: Very Strong

2025-02-07 22:49:19,031 - User Input: hey
2025-02-07 22:49:19,031 - Generated Password: Vd=%bML<@$(4fw.,heM_BXp,={..H{W3
2025-02-07 22:49:19,031 - Password Length: 32 characters
2025-02-07 22:49:19,031 - Password Entropy: 204.55 bits
2025-02-07 22:49:19,031 - Password Strength: Very Strong

2025-02-07 22:49:19,032 - User Input: Hed!
2025-02-07 22:49:19,032 - Generated Password: N*m[TK@si=}suI7^9?7yIec&,@H~*OAu
2025-02-07 22:49:19,032 - Password Length: 32 characters
2025-02-07 22:49:19,032 - Password Entropy: 204.55 bits
2025-02-07 22:49:19,032 - Password Strength: Very Strong

2025-02-07 22:49:19,033 - User Input: ComplexPassword@2025
2025-02-07 22:49:19,033 - Generated Password: WWizUkq5`X7Xx#OYc&0_Q:iM%BUi)}S+
2025-02-07 22:49:19,033 - Password Length: 32 characters
2025-02-07 22:49:19,033 - Password Entropy: 204.55 bits
2025-02-07 22:49:19,033 - Password Strength: Very Strong

2025-02-07 22:49:19,034 - User Input: mysecurephrase
2025-02-07 22:49:19,034 - Generated Password: LXc6cE&Ppf[T<1BJCkKsMzXjp#~{.EIk
2025-02-07 22:49:19,034 - Password Length: 32 characters
2025-02-07 22:49:19,034 - Password Entropy: 204.55 bits
2025-02-07 22:49:19,034 - Password Strength: Very Strong

2025-02-07 22:49:19,035 - User Input: password123!
2025-02-07 22:49:19,035 - Generated Password: O4K6^2AZt>[QPPsiF0t2lIE~#*:A_+kr
2025-02-07 22:49:19,035 - Password Length: 32 characters
2025-02-07 22:49:19,035 - Password Entropy: 204.55 bits
2025-02-07 22:49:19,035 - Password Strength: Very Strong

2025-02-07 22:49:19,036 - User Input: P@ssw0rd2025
2025-02-07 22:49:19,036 - Generated Password: W|VCOna}n7xKaAI%qVF6DgaPOboe8Pp|
2025-02-07 22:49:19,036 - Password Length: 32 characters
2025-02-07 22:49:19,036 - Password Entropy: 204.55 bits
2025-02-07 22:49:19,036 - Password Strength: Very Strong

2025-02-07 22:49:19,037 - User Input: QwErTy!@#1
2025-02-07 22:49:19,037 - Generated Password: TN*kVw:9NIt-Jc1i68KcGTOoC@FNO@J3
2025-02-07 22:49:19,037 - Password Length: 32 characters
2025-02-07 22:49:19,037 - Password Entropy: 204.55 bits
2025-02-07 22:49:19,037 - Password Strength: Very Strong

2025-02-07 22:49:19,038 - User Input: abcdefgH!3jkL12@
2025-02-07 22:49:19,038 - Generated Password: MP)hpHmIF>d!+|-gftYkW8FzQj{sSl8!
2025-02-07 22:49:19,038 - Password Length: 32 characters
2025-02-07 22:49:19,038 - Password Entropy: 204.55 bits
2025-02-07 22:49:19,038 - Password Strength: Very Strong

2025-02-07 22:49:19,039 - User Input: Sunshine2025$$
2025-02-07 22:49:19,039 - Generated Password: CsJV*_f4%s,p3[_n$gA_RvXPRrfjaDd^
2025-02-07 22:49:19,039 - Password Length: 32 characters
2025-02-07 22:49:19,039 - Password Entropy: 204.55 bits
2025-02-07 22:49:19,039 - Password Strength: Very Strong

2025-02-07 22:49:19,040 - User Input: T3st1ngGener@t0r
2025-02-07 22:49:19,040 - Generated Password: YybY).%rSNRh9Q-}CL_:YybY).%rSNRh
2025-02-07 22:49:19,040 - Password Length: 32 characters
2025-02-07 22:49:19,040 - Password Entropy: 204.55 bits
2025-02-07 22:49:19,040 - Password Strength: Very Strong

2025-02-07 22:49:19,041 - User Input: C0mpLex!2025_Pass
2025-02-07 22:49:19,041 - Generated Password: UPUPFgi`Xbk9Xo4oa>QcM:3c;q47L-3m
2025-02-07 22:49:19,041 - Password Length: 32 characters
2025-02-07 22:49:19,041 - Password Entropy: 204.55 bits
2025-02-07 22:49:19,041 - Password Strength: Very Strong

2025-02-07 22:49:19,042 - User Input: QwertyUIOp@12345
2025-02-07 22:49:19,042 - Generated Password: F~fQ#_ZceCinYfs:6d[%EkH>Ud?Fyn4#
2025-02-07 22:49:19,042 - Password Length: 32 characters
2025-02-07 22:49:19,042 - Password Entropy: 204.55 bits
2025-02-07 22:49:19,042 - Password Strength: Very Strong

2025-02-07 22:49:19,043 - User Input: SimplePassword2025
2025-02-07 22:49:19,043 - Generated Password: R#{O#_o?hV]A.)sh(=8cB#;XDFE,)8>u
2025-02-07 22:49:19,043 - Password Length: 32 characters
2025-02-07 22:49:19,043 - Password Entropy: 204.55 bits
2025-02-07 22:49:19,043 - Password Strength: Very Strong

2025-02-07 22:49:19,044 - User Input: ThisIsASecurePassword!
2025-02-07 22:49:19,044 - Generated Password: O~(61],1gNYZt*_Fxuq<XoFHpZ3`*#Q*
2025-02-07 22:49:19,044 - Password Length: 32 characters
2025-02-07 22:49:19,044 - Password Entropy: 204.55 bits
2025-02-07 22:49:19,044 - Password Strength: Very Strong

2025-02-07 22:49:19,045 - User Input: 12345abcdeABCDE!
2025-02-07 22:49:19,046 - Generated Password: WUo)|R&Gf}G|_:bhZ|o<El1@4zn>Ziw)
2025-02-07 22:49:19,046 - Password Length: 32 characters
2025-02-07 22:49:19,046 - Password Entropy: 204.55 bits
2025-02-07 22:49:19,046 - Password Strength: Very Strong

2025-02-07 22:49:19,047 - User Input: !@#2025$%^
2025-02-07 22:49:19,047 - Generated Password: YZK129bdi>7sxw)eQ&LSLznY!Z=;b6%`
2025-02-07 22:49:19,047 - Password Length: 32 characters
2025-02-07 22:49:19,047 - Password Entropy: 204.55 bits
2025-02-07 22:49:19,047 - Password Strength: Very Strong

2025-02-07 22:49:19,048 - User Input: passw0rD!#3456789
2025-02-07 22:49:19,048 - Generated Password: W@A2jP14[L-F0OE<WSa&DaTE~+Lxp3;D
2025-02-07 22:49:19,048 - Password Length: 32 characters
2025-02-07 22:49:19,048 - Password Entropy: 204.55 bits
2025-02-07 22:49:19,048 - Password Strength: Very Strong

2025-02-07 22:49:19,049 - User Input: TheQ#G34Kw0R1#Password
2025-02-07 22:49:19,049 - Generated Password: Rt2o_Fk|YR=<Yg9fqF6IKO^vQT=BR0qs
2025-02-07 22:49:19,049 - Password Length: 32 characters
2025-02-07 22:49:19,049 - Password Entropy: 204.55 bits
2025-02-07 22:49:19,049 - Password Strength: Very Strong

2025-02-07 22:49:19,050 - User Input: data!5ENcryptX@ssion42
2025-02-07 22:49:19,050 - Generated Password: Y_=gP3DEyU^BlO7Pz:tWN]+]I8Jxw&y5
2025-02-07 22:49:19,050 - Password Length: 32 characters
2025-02-07 22:49:19,050 - Password Entropy: 204.55 bits
2025-02-07 22:49:19,050 - Password Strength: Very Strong

2025-02-07 22:49:19,051 - User Input: time2Sh1ne#WithU$3
2025-02-07 22:49:19,051 - Generated Password: B%9e$vF<4(U!};W{h}XSGMbL?#w{D?rl
2025-02-07 22:49:19,051 - Password Length: 32 characters
2025-02-07 22:49:19,051 - Password Entropy: 204.55 bits
2025-02-07 22:49:19,051 - Password Strength: Very Strong

2025-02-07 22:49:19,052 - User Input: BeStrong&Keep@Moving2025!
2025-02-07 22:49:19,052 - Generated Password: Rf?9Q2n0z<dJFXMQGG<AHs<v+l]i&7bv
2025-02-07 22:49:19,052 - Password Length: 32 characters
2025-02-07 22:49:19,052 - Password Entropy: 204.55 bits
2025-02-07 22:49:19,052 - Password Strength: Very Strong

